<?xml version="1.0" encoding="UTF-8"?>
<!-- Generated by org.testng.reporters.JUnitXMLReporter -->
<testsuite ignored="6" hostname="LTIN291834" failures="1" tests="19" name="Test2" time="104.37" errors="0" timestamp="2024-02-07T21:49:50 IST">
  <testcase classname="testCases.TC_001_CarLoan" name="carLoanTest" time="0.023"/>
  <testcase classname="testCases.TC_001_CarLoan" name="carloanvalue" time="2.336"/>
  <testcase classname="testCases.TC_001_CarLoan" name="click_HomeLoan" time="0.205"/>
  <testcase classname="testCases.TC_001_CarLoan" name="homeLoanTest" time="0.022">
    <failure type="java.lang.AssertionError" message="Web page has not opened expected [true] but found [false]">
      <![CDATA[java.lang.AssertionError: Web page has not opened expected [true] but found [false]
at testCases.TC_001_CarLoan.homeLoanTest(TC_001_CarLoan.java:67)
at java.base/java.util.ArrayList.forEach(ArrayList.java:1511)
... Removed 33 stack frames]]>
    </failure>
  </testcase> <!-- homeLoanTest -->
  <testcase classname="testCases.TC_001_CarLoan" name="excel" time="28.641"/>
  <testcase classname="testCases.TC_002_EMI" name="emicalculator" time="9.569"/>
  <testcase classname="testCases.TC_002_EMI" name="enterLoanAmt" time="3.225"/>
  <testcase classname="testCases.TC_002_EMI" name="enterInterest" time="3.175"/>
  <testcase classname="testCases.TC_002_EMI" name="enterLoan" time="0.543"/>
  <testcase classname="testCases.TC_002_EMI" name="enterFees" time="3.314"/>
  <testcase classname="testCases.TC_003_Amount" name="loanAmtuiTest" time="0.146"/>
  <testcase classname="testCases.TC_003_Amount" name="enterEMI" time="2.957"/>
  <testcase classname="testCases.TC_003_Amount" name="enterInterest" time="3.032"/>
  <testcase classname="testCases.TC_003_Amount" name="enterTenure" time="0.449"/>
  <testcase classname="testCases.TC_003_Amount" name="enterFees" time="3.392"/>
  <testcase classname="testCases.TC_004_Tenure" name="loanTenureuiTest" time="0.26"/>
  <testcase classname="testCases.TC_004_Tenure" name="loantenuretest" time="3.596"/>
  <testcase classname="testCases.TC_004_Tenure" name="loanInterestTest" time="3.097"/>
  <testcase classname="testCases.TC_004_Tenure" name="loanFeesTest" time="3.872"/>
  <testcase classname="testBase.BaseClass" name="@BeforeTest setup" time="0.0">
    <ignored/>
  </testcase> <!-- @BeforeTest setup -->
  <testcase classname="testBase.BaseClass" name="@AfterTest teardown" time="0.0">
    <ignored/>
  </testcase> <!-- @AfterTest teardown -->
  <testcase classname="testBase.BaseClass" name="@AfterTest teardown" time="0.0">
    <ignored/>
  </testcase> <!-- @AfterTest teardown -->
  <testcase classname="testBase.BaseClass" name="@BeforeTest setup" time="0.0">
    <ignored/>
  </testcase> <!-- @BeforeTest setup -->
  <testcase classname="testBase.BaseClass" name="@AfterTest teardown" time="0.0">
    <ignored/>
  </testcase> <!-- @AfterTest teardown -->
  <testcase classname="testBase.BaseClass" name="@BeforeTest setup" time="0.0">
    <ignored/>
  </testcase> <!-- @BeforeTest setup -->
</testsuite> <!-- Test2 -->
