<?xml version="1.0" encoding="UTF-8"?>
<!-- Generated by org.testng.reporters.JUnitXMLReporter -->
<testsuite ignored="6" hostname="LTIN291834" failures="1" tests="19" name="Test1" time="139.799" errors="0" timestamp="2024-02-07T21:48:00 IST">
  <testcase classname="testCases.TC_001_CarLoan" name="carLoanTest" time="0.064"/>
  <testcase classname="testCases.TC_001_CarLoan" name="carloanvalue" time="1.588"/>
  <testcase classname="testCases.TC_001_CarLoan" name="click_HomeLoan" time="0.117"/>
  <testcase classname="testCases.TC_001_CarLoan" name="homeLoanTest" time="0.039">
    <failure type="java.lang.AssertionError" message="Web page has not opened expected [true] but found [false]">
      <![CDATA[java.lang.AssertionError: Web page has not opened expected [true] but found [false]
at testCases.TC_001_CarLoan.homeLoanTest(TC_001_CarLoan.java:67)
at java.base/java.util.ArrayList.forEach(ArrayList.java:1511)
... Removed 33 stack frames]]>
    </failure>
  </testcase> <!-- homeLoanTest -->
  <testcase classname="testCases.TC_001_CarLoan" name="excel" time="37.38"/>
  <testcase classname="testCases.TC_002_EMI" name="emicalculator" time="14.228"/>
  <testcase classname="testCases.TC_002_EMI" name="enterLoanAmt" time="3.218"/>
  <testcase classname="testCases.TC_002_EMI" name="enterInterest" time="3.198"/>
  <testcase classname="testCases.TC_002_EMI" name="enterLoan" time="0.662"/>
  <testcase classname="testCases.TC_002_EMI" name="enterFees" time="3.434"/>
  <testcase classname="testCases.TC_003_Amount" name="loanAmtuiTest" time="0.209"/>
  <testcase classname="testCases.TC_003_Amount" name="enterEMI" time="3.073"/>
  <testcase classname="testCases.TC_003_Amount" name="enterInterest" time="3.204"/>
  <testcase classname="testCases.TC_003_Amount" name="enterTenure" time="0.594"/>
  <testcase classname="testCases.TC_003_Amount" name="enterFees" time="3.52"/>
  <testcase classname="testCases.TC_004_Tenure" name="loanTenureuiTest" time="0.206"/>
  <testcase classname="testCases.TC_004_Tenure" name="loantenuretest" time="3.42"/>
  <testcase classname="testCases.TC_004_Tenure" name="loanInterestTest" time="3.164"/>
  <testcase classname="testCases.TC_004_Tenure" name="loanFeesTest" time="3.679"/>
  <testcase classname="testBase.BaseClass" name="@BeforeTest setup" time="0.0">
    <ignored/>
  </testcase> <!-- @BeforeTest setup -->
  <testcase classname="testBase.BaseClass" name="@AfterTest teardown" time="0.0">
    <ignored/>
  </testcase> <!-- @AfterTest teardown -->
  <testcase classname="testBase.BaseClass" name="@AfterTest teardown" time="0.0">
    <ignored/>
  </testcase> <!-- @AfterTest teardown -->
  <testcase classname="testBase.BaseClass" name="@AfterTest teardown" time="0.0">
    <ignored/>
  </testcase> <!-- @AfterTest teardown -->
  <testcase classname="testBase.BaseClass" name="@BeforeTest setup" time="0.0">
    <ignored/>
  </testcase> <!-- @BeforeTest setup -->
  <testcase classname="testBase.BaseClass" name="@BeforeTest setup" time="0.0">
    <ignored/>
  </testcase> <!-- @BeforeTest setup -->
</testsuite> <!-- Test1 -->
